<?xml version="1.0" encoding="UTF-8"?>
<testsuite xmlns:xsi="http://www.w3.org/2001/XMLSchema-instance" xsi:noNamespaceSchemaLocation="https://maven.apache.org/surefire/maven-surefire-plugin/xsd/surefire-test-report.xsd" name="dev.davivieira.topologyinventory.domain.DomainTest" time="0.027" tests="19" errors="0" skipped="0" failures="0">
  <properties>
    <property name="java.specification.version" value="17"/>
    <property name="sun.jnu.encoding" value="UTF-8"/>
    <property name="java.class.path" value="/Users/hwo/git/hwo-arqhexagonal/Chapter06/domain/target/test-classes:/Users/hwo/.m2/repository/org/junit/platform/junit-platform-surefire-provider/1.1.0/junit-platform-surefire-provider-1.1.0.jar:/Users/hwo/.m2/repository/org/apiguardian/apiguardian-api/1.0.0/apiguardian-api-1.0.0.jar:/Users/hwo/.m2/repository/org/junit/platform/junit-platform-launcher/1.1.0/junit-platform-launcher-1.1.0.jar:/Users/hwo/.m2/repository/org/apache/maven/surefire/surefire-api/2.19.1/surefire-api-2.19.1.jar:/Users/hwo/.m2/repository/org/apache/maven/surefire/common-java5/2.19.1/common-java5-2.19.1.jar:/Users/hwo/.m2/repository/org/junit/jupiter/junit-jupiter-engine/5.1.0/junit-jupiter-engine-5.1.0.jar:/Users/hwo/.m2/repository/org/junit/platform/junit-platform-engine/1.1.0/junit-platform-engine-1.1.0.jar:/Users/hwo/.m2/repository/org/junit/platform/junit-platform-commons/1.1.0/junit-platform-commons-1.1.0.jar:/Users/hwo/.m2/repository/org/opentest4j/opentest4j/1.0.0/opentest4j-1.0.0.jar:/Users/hwo/.m2/repository/org/junit/jupiter/junit-jupiter-api/5.1.0/junit-jupiter-api-5.1.0.jar:"/>
    <property name="java.vm.vendor" value="Oracle Corporation"/>
    <property name="sun.arch.data.model" value="64"/>
    <property name="java.vendor.url" value="https://java.oracle.com/"/>
    <property name="os.name" value="Mac OS X"/>
    <property name="java.vm.specification.version" value="17"/>
    <property name="sun.java.launcher" value="SUN_STANDARD"/>
    <property name="user.country" value="CO"/>
    <property name="sun.boot.library.path" value="/Library/Java/JavaVirtualMachines/jdk-17.jdk/Contents/Home/lib"/>
    <property name="sun.java.command" value="org.apache.maven.surefire.booter.ForkedBooter /Users/hwo/git/hwo-arqhexagonal/Chapter06/domain/target/surefire 2024-02-11T13-28-38_921-jvmRun1 surefire18328967779085140574tmp surefire_06561108323532964186tmp"/>
    <property name="http.nonProxyHosts" value="local|*.local|169.254/16|*.169.254/16"/>
    <property name="jdk.debug" value="release"/>
    <property name="surefire.test.class.path" value="/Users/hwo/git/hwo-arqhexagonal/Chapter06/domain/target/test-classes:/Users/hwo/.m2/repository/org/junit/platform/junit-platform-surefire-provider/1.1.0/junit-platform-surefire-provider-1.1.0.jar:/Users/hwo/.m2/repository/org/apiguardian/apiguardian-api/1.0.0/apiguardian-api-1.0.0.jar:/Users/hwo/.m2/repository/org/junit/platform/junit-platform-launcher/1.1.0/junit-platform-launcher-1.1.0.jar:/Users/hwo/.m2/repository/org/apache/maven/surefire/surefire-api/2.19.1/surefire-api-2.19.1.jar:/Users/hwo/.m2/repository/org/apache/maven/surefire/common-java5/2.19.1/common-java5-2.19.1.jar:/Users/hwo/.m2/repository/org/junit/jupiter/junit-jupiter-engine/5.1.0/junit-jupiter-engine-5.1.0.jar:/Users/hwo/.m2/repository/org/junit/platform/junit-platform-engine/1.1.0/junit-platform-engine-1.1.0.jar:/Users/hwo/.m2/repository/org/junit/platform/junit-platform-commons/1.1.0/junit-platform-commons-1.1.0.jar:/Users/hwo/.m2/repository/org/opentest4j/opentest4j/1.0.0/opentest4j-1.0.0.jar:/Users/hwo/.m2/repository/org/junit/jupiter/junit-jupiter-api/5.1.0/junit-jupiter-api-5.1.0.jar:"/>
    <property name="sun.cpu.endian" value="little"/>
    <property name="user.home" value="/Users/hwo"/>
    <property name="user.language" value="en"/>
    <property name="java.specification.vendor" value="Oracle Corporation"/>
    <property name="jdk.module.path" value="/Users/hwo/git/hwo-arqhexagonal/Chapter06/domain/target/classes:/Users/hwo/.m2/repository/org/projectlombok/lombok/1.18.26/lombok-1.18.26.jar"/>
    <property name="java.version.date" value="2024-01-16"/>
    <property name="java.home" value="/Library/Java/JavaVirtualMachines/jdk-17.jdk/Contents/Home"/>
    <property name="file.separator" value="/"/>
    <property name="basedir" value="/Users/hwo/git/hwo-arqhexagonal/Chapter06/domain"/>
    <property name="java.vm.compressedOopsMode" value="Zero based"/>
    <property name="line.separator" value="&#10;"/>
    <property name="java.specification.name" value="Java Platform API Specification"/>
    <property name="java.vm.specification.vendor" value="Oracle Corporation"/>
    <property name="surefire.real.class.path" value="/Users/hwo/.m2/repository/org/apache/maven/surefire/surefire-booter/2.22.1/surefire-booter-2.22.1.jar:/Users/hwo/.m2/repository/org/apache/maven/surefire/surefire-api/2.22.1/surefire-api-2.22.1.jar:/Users/hwo/.m2/repository/org/apache/maven/surefire/surefire-logger-api/2.22.1/surefire-logger-api-2.22.1.jar:/Users/hwo/git/hwo-arqhexagonal/Chapter06/domain/target/test-classes:/Users/hwo/.m2/repository/org/junit/platform/junit-platform-surefire-provider/1.1.0/junit-platform-surefire-provider-1.1.0.jar:/Users/hwo/.m2/repository/org/apiguardian/apiguardian-api/1.0.0/apiguardian-api-1.0.0.jar:/Users/hwo/.m2/repository/org/junit/platform/junit-platform-launcher/1.1.0/junit-platform-launcher-1.1.0.jar:/Users/hwo/.m2/repository/org/apache/maven/surefire/surefire-api/2.19.1/surefire-api-2.19.1.jar:/Users/hwo/.m2/repository/org/apache/maven/surefire/common-java5/2.19.1/common-java5-2.19.1.jar:/Users/hwo/.m2/repository/org/junit/jupiter/junit-jupiter-engine/5.1.0/junit-jupiter-engine-5.1.0.jar:/Users/hwo/.m2/repository/org/junit/platform/junit-platform-engine/1.1.0/junit-platform-engine-1.1.0.jar:/Users/hwo/.m2/repository/org/junit/platform/junit-platform-commons/1.1.0/junit-platform-commons-1.1.0.jar:/Users/hwo/.m2/repository/org/opentest4j/opentest4j/1.0.0/opentest4j-1.0.0.jar:/Users/hwo/.m2/repository/org/junit/jupiter/junit-jupiter-api/5.1.0/junit-jupiter-api-5.1.0.jar:/Users/hwo/.m2/repository/org/apache/maven/surefire/surefire-junit-platform/2.22.1/surefire-junit-platform-2.22.1.jar"/>
    <property name="sun.management.compiler" value="HotSpot 64-Bit Tiered Compilers"/>
    <property name="ftp.nonProxyHosts" value="local|*.local|169.254/16|*.169.254/16"/>
    <property name="java.runtime.version" value="17.0.10+11-LTS-240"/>
    <property name="user.name" value="hwo"/>
    <property name="path.separator" value=":"/>
    <property name="os.version" value="11.3"/>
    <property name="java.runtime.name" value="Java(TM) SE Runtime Environment"/>
    <property name="file.encoding" value="UTF-8"/>
    <property name="java.vm.name" value="Java HotSpot(TM) 64-Bit Server VM"/>
    <property name="localRepository" value="/Users/hwo/.m2/repository"/>
    <property name="java.vendor.url.bug" value="https://bugreport.java.com/bugreport/"/>
    <property name="java.io.tmpdir" value="/var/folders/tf/4m4f2jss3rqf65dlx57sw5sc0000gn/T/"/>
    <property name="java.version" value="17.0.10"/>
    <property name="user.dir" value="/Users/hwo/git/hwo-arqhexagonal/Chapter06/domain"/>
    <property name="os.arch" value="aarch64"/>
    <property name="java.vm.specification.name" value="Java Virtual Machine Specification"/>
    <property name="native.encoding" value="UTF-8"/>
    <property name="java.library.path" value="/Users/hwo/Library/Java/Extensions:/Library/Java/Extensions:/Network/Library/Java/Extensions:/System/Library/Java/Extensions:/usr/lib/java:."/>
    <property name="java.vm.info" value="mixed mode"/>
    <property name="java.vendor" value="Oracle Corporation"/>
    <property name="java.vm.version" value="17.0.10+11-LTS-240"/>
    <property name="sun.io.unicode.encoding" value="UnicodeBig"/>
    <property name="socksNonProxyHosts" value="local|*.local|169.254/16|*.169.254/16"/>
    <property name="java.class.version" value="61.0"/>
  </properties>
  <testcase name="filterRouterByLocation" classname="dev.davivieira.topologyinventory.domain.DomainTest" time="0.012"/>
  <testcase name="filterRouterByModel" classname="dev.davivieira.topologyinventory.domain.DomainTest" time="0.001"/>
  <testcase name="addSwitchToEdgeRouter_failBecauseEquipmentOfDifferentCountries" classname="dev.davivieira.topologyinventory.domain.DomainTest" time="0.002"/>
  <testcase name="filterRouterByVendor" classname="dev.davivieira.topologyinventory.domain.DomainTest" time="0"/>
  <testcase name="findSwitchById" classname="dev.davivieira.topologyinventory.domain.DomainTest" time="0.001"/>
  <testcase name="removeNetwork" classname="dev.davivieira.topologyinventory.domain.DomainTest" time="0"/>
  <testcase name="removeRouter" classname="dev.davivieira.topologyinventory.domain.DomainTest" time="0.003"/>
  <testcase name="removeSwitch" classname="dev.davivieira.topologyinventory.domain.DomainTest" time="0"/>
  <testcase name="addNetworkToSwitch_failBecauseSameNetworkAddress" classname="dev.davivieira.topologyinventory.domain.DomainTest" time="0"/>
  <testcase name="filterSwitchByType" classname="dev.davivieira.topologyinventory.domain.DomainTest" time="0.001"/>
  <testcase name="filterNetworkByProtocol" classname="dev.davivieira.topologyinventory.domain.DomainTest" time="0"/>
  <testcase name="addCoreToCoreRouter" classname="dev.davivieira.topologyinventory.domain.DomainTest" time="0.001"/>
  <testcase name="findRouterById" classname="dev.davivieira.topologyinventory.domain.DomainTest" time="0"/>
  <testcase name="addEdgeToCoreRouter" classname="dev.davivieira.topologyinventory.domain.DomainTest" time="0"/>
  <testcase name="addNetworkToSwitch" classname="dev.davivieira.topologyinventory.domain.DomainTest" time="0.001"/>
  <testcase name="addEdgeToCoreRouter_failBecauseRoutersOfDifferentCountries" classname="dev.davivieira.topologyinventory.domain.DomainTest" time="0"/>
  <testcase name="addSwitchToEdgeRouter" classname="dev.davivieira.topologyinventory.domain.DomainTest" time="0.001"/>
  <testcase name="addCoreToCoreRouter_failBecauseRoutersOfSameIp" classname="dev.davivieira.topologyinventory.domain.DomainTest" time="0"/>
  <testcase name="filterRouterByType" classname="dev.davivieira.topologyinventory.domain.DomainTest" time="0"/>
</testsuite>