<?xml version="1.0" encoding="UTF-8"?>
<testsuite xmlns:xsi="http://www.w3.org/2001/XMLSchema-instance" xsi:noNamespaceSchemaLocation="https://maven.apache.org/surefire/maven-surefire-plugin/xsd/surefire-test-report-3.0.xsd" version="3.0" name="dev.com.RunCucumberTest" time="0.915" tests="1" errors="1" skipped="0" failures="0">
  <properties>
    <property name="java.specification.version" value="17"/>
    <property name="sun.jnu.encoding" value="UTF-8"/>
    <property name="java.class.path" value="/workspaces/hwo-arqhexagonal/App04/target/test-classes:/workspaces/hwo-arqhexagonal/App04/target/classes:/home/vscode/.m2/repository/io/cucumber/cucumber-java/7.2.3/cucumber-java-7.2.3.jar:/home/vscode/.m2/repository/io/cucumber/cucumber-core/7.2.3/cucumber-core-7.2.3.jar:/home/vscode/.m2/repository/io/cucumber/cucumber-gherkin/7.2.3/cucumber-gherkin-7.2.3.jar:/home/vscode/.m2/repository/io/cucumber/cucumber-gherkin-messages/7.2.3/cucumber-gherkin-messages-7.2.3.jar:/home/vscode/.m2/repository/io/cucumber/messages/17.1.1/messages-17.1.1.jar:/home/vscode/.m2/repository/io/cucumber/tag-expressions/4.1.0/tag-expressions-4.1.0.jar:/home/vscode/.m2/repository/io/cucumber/cucumber-expressions/15.0.1/cucumber-expressions-15.0.1.jar:/home/vscode/.m2/repository/io/cucumber/datatable/7.2.3/datatable-7.2.3.jar:/home/vscode/.m2/repository/io/cucumber/cucumber-plugin/7.2.3/cucumber-plugin-7.2.3.jar:/home/vscode/.m2/repository/io/cucumber/docstring/7.2.3/docstring-7.2.3.jar:/home/vscode/.m2/repository/io/cucumber/html-formatter/17.0.0/html-formatter-17.0.0.jar:/home/vscode/.m2/repository/io/cucumber/ci-environment/8.1.0/ci-environment-8.1.0.jar:/home/vscode/.m2/repository/org/apiguardian/apiguardian-api/1.1.2/apiguardian-api-1.1.2.jar:/home/vscode/.m2/repository/io/cucumber/cucumber-junit/7.2.3/cucumber-junit-7.2.3.jar:/home/vscode/.m2/repository/junit/junit/4.13.2/junit-4.13.2.jar:/home/vscode/.m2/repository/org/hamcrest/hamcrest-core/1.3/hamcrest-core-1.3.jar:/home/vscode/.m2/repository/org/glassfish/jaxb/jaxb-runtime/3.0.1/jaxb-runtime-3.0.1.jar:/home/vscode/.m2/repository/com/sun/activation/jakarta.activation/2.0.1/jakarta.activation-2.0.1.jar:/home/vscode/.m2/repository/org/glassfish/jaxb/jaxb-core/3.0.1/jaxb-core-3.0.1.jar:/home/vscode/.m2/repository/jakarta/xml/bind/jakarta.xml.bind-api/3.0.1/jakarta.xml.bind-api-3.0.1.jar:/home/vscode/.m2/repository/org/glassfish/jaxb/txw2/3.0.1/txw2-3.0.1.jar:/home/vscode/.m2/repository/com/sun/istack/istack-commons-runtime/4.0.1/istack-commons-runtime-4.0.1.jar:/home/vscode/.m2/repository/com/fasterxml/jackson/core/jackson-databind/2.12.7.1/jackson-databind-2.12.7.1.jar:/home/vscode/.m2/repository/com/fasterxml/jackson/core/jackson-annotations/2.12.7/jackson-annotations-2.12.7.jar:/home/vscode/.m2/repository/com/fasterxml/jackson/core/jackson-core/2.12.7/jackson-core-2.12.7.jar:/home/vscode/.m2/repository/com/h2database/h2/1.4.200/h2-1.4.200.jar:/home/vscode/.m2/repository/jakarta/persistence/jakarta.persistence-api/3.0.0/jakarta.persistence-api-3.0.0.jar:/home/vscode/.m2/repository/org/eclipse/persistence/org.eclipse.persistence.jpa/3.0.1/org.eclipse.persistence.jpa-3.0.1.jar:/home/vscode/.m2/repository/org/eclipse/persistence/org.eclipse.persistence.asm/3.0.1/org.eclipse.persistence.asm-3.0.1.jar:/home/vscode/.m2/repository/org/eclipse/persistence/org.eclipse.persistence.core/3.0.1/org.eclipse.persistence.core-3.0.1.jar:/home/vscode/.m2/repository/org/eclipse/persistence/org.eclipse.persistence.jpa.jpql/3.0.1/org.eclipse.persistence.jpa.jpql-3.0.1.jar:/home/vscode/.m2/repository/org/projectlombok/lombok/1.18.20/lombok-1.18.20.jar:/home/vscode/.m2/repository/org/apache/maven/plugins/maven-assembly-plugin/3.3.0/maven-assembly-plugin-3.3.0.jar:/home/vscode/.m2/repository/org/apache/maven/maven-plugin-api/3.0/maven-plugin-api-3.0.jar:/home/vscode/.m2/repository/org/sonatype/sisu/sisu-inject-plexus/1.4.2/sisu-inject-plexus-1.4.2.jar:/home/vscode/.m2/repository/org/sonatype/sisu/sisu-inject-bean/1.4.2/sisu-inject-bean-1.4.2.jar:/home/vscode/.m2/repository/org/sonatype/sisu/sisu-guice/2.1.7/sisu-guice-2.1.7-noaop.jar:/home/vscode/.m2/repository/org/apache/maven/maven-core/3.0/maven-core-3.0.jar:/home/vscode/.m2/repository/org/apache/maven/maven-settings/3.0/maven-settings-3.0.jar:/home/vscode/.m2/repository/org/apache/maven/maven-settings-builder/3.0/maven-settings-builder-3.0.jar:/home/vscode/.m2/repository/org/apache/maven/maven-repository-metadata/3.0/maven-repository-metadata-3.0.jar:/home/vscode/.m2/repository/org/apache/maven/maven-model-builder/3.0/maven-model-builder-3.0.jar:/home/vscode/.m2/repository/org/apache/maven/maven-aether-provider/3.0/maven-aether-provider-3.0.jar:/home/vscode/.m2/repository/org/sonatype/aether/aether-impl/1.7/aether-impl-1.7.jar:/home/vscode/.m2/repository/org/sonatype/aether/aether-spi/1.7/aether-spi-1.7.jar:/home/vscode/.m2/repository/org/sonatype/aether/aether-api/1.7/aether-api-1.7.jar:/home/vscode/.m2/repository/org/sonatype/aether/aether-util/1.7/aether-util-1.7.jar:/home/vscode/.m2/repository/org/codehaus/plexus/plexus-classworlds/2.2.3/plexus-classworlds-2.2.3.jar:/home/vscode/.m2/repository/org/codehaus/plexus/plexus-component-annotations/1.5.5/plexus-component-annotations-1.5.5.jar:/home/vscode/.m2/repository/org/sonatype/plexus/plexus-sec-dispatcher/1.3/plexus-sec-dispatcher-1.3.jar:/home/vscode/.m2/repository/org/sonatype/plexus/plexus-cipher/1.4/plexus-cipher-1.4.jar:/home/vscode/.m2/repository/org/apache/maven/maven-artifact/3.0/maven-artifact-3.0.jar:/home/vscode/.m2/repository/org/apache/maven/maven-model/3.0/maven-model-3.0.jar:/home/vscode/.m2/repository/org/apache/maven/shared/maven-common-artifact-filters/3.1.0/maven-common-artifact-filters-3.1.0.jar:/home/vscode/.m2/repository/org/apache/maven/shared/maven-shared-utils/3.1.0/maven-shared-utils-3.1.0.jar:/home/vscode/.m2/repository/org/apache/maven/shared/maven-artifact-transfer/0.11.0/maven-artifact-transfer-0.11.0.jar:/home/vscode/.m2/repository/org/slf4j/slf4j-api/1.7.5/slf4j-api-1.7.5.jar:/home/vscode/.m2/repository/org/codehaus/plexus/plexus-interpolation/1.25/plexus-interpolation-1.25.jar:/home/vscode/.m2/repository/org/codehaus/plexus/plexus-archiver/4.2.1/plexus-archiver-4.2.1.jar:/home/vscode/.m2/repository/org/apache/commons/commons-compress/1.19/commons-compress-1.19.jar:/home/vscode/.m2/repository/org/iq80/snappy/snappy/0.4/snappy-0.4.jar:/home/vscode/.m2/repository/org/tukaani/xz/1.8/xz-1.8.jar:/home/vscode/.m2/repository/org/apache/maven/shared/file-management/3.0.0/file-management-3.0.0.jar:/home/vscode/.m2/repository/org/apache/maven/shared/maven-shared-io/3.0.0/maven-shared-io-3.0.0.jar:/home/vscode/.m2/repository/org/apache/maven/maven-compat/3.0/maven-compat-3.0.jar:/home/vscode/.m2/repository/org/apache/maven/wagon/wagon-provider-api/2.10/wagon-provider-api-2.10.jar:/home/vscode/.m2/repository/commons-io/commons-io/2.5/commons-io-2.5.jar:/home/vscode/.m2/repository/org/apache/maven/shared/maven-filtering/3.1.1/maven-filtering-3.1.1.jar:/home/vscode/.m2/repository/org/sonatype/plexus/plexus-build-api/0.0.7/plexus-build-api-0.0.7.jar:/home/vscode/.m2/repository/org/codehaus/plexus/plexus-io/3.2.0/plexus-io-3.2.0.jar:/home/vscode/.m2/repository/org/apache/maven/maven-archiver/3.5.0/maven-archiver-3.5.0.jar:/home/vscode/.m2/repository/org/codehaus/plexus/plexus-utils/3.3.0/plexus-utils-3.3.0.jar:/home/vscode/.m2/repository/commons-codec/commons-codec/1.6/commons-codec-1.6.jar:"/>
    <property name="java.vm.vendor" value="Microsoft"/>
    <property name="sun.arch.data.model" value="64"/>
    <property name="java.vendor.url" value="https://www.microsoft.com"/>
    <property name="os.name" value="Linux"/>
    <property name="java.vm.specification.version" value="17"/>
    <property name="sun.java.launcher" value="SUN_STANDARD"/>
    <property name="user.country" value="US"/>
    <property name="sun.boot.library.path" value="/usr/lib/jvm/msopenjdk-current/lib"/>
    <property name="sun.java.command" value="/workspaces/hwo-arqhexagonal/App04/target/surefire/surefirebooter-20240214193402764_3.jar /workspaces/hwo-arqhexagonal/App04/target/surefire 2024-02-14T19-34-02_652-jvmRun1 surefire-20240214193402764_1tmp surefire_0-20240214193402764_2tmp"/>
    <property name="jdk.debug" value="release"/>
    <property name="surefire.test.class.path" value="/workspaces/hwo-arqhexagonal/App04/target/test-classes:/workspaces/hwo-arqhexagonal/App04/target/classes:/home/vscode/.m2/repository/io/cucumber/cucumber-java/7.2.3/cucumber-java-7.2.3.jar:/home/vscode/.m2/repository/io/cucumber/cucumber-core/7.2.3/cucumber-core-7.2.3.jar:/home/vscode/.m2/repository/io/cucumber/cucumber-gherkin/7.2.3/cucumber-gherkin-7.2.3.jar:/home/vscode/.m2/repository/io/cucumber/cucumber-gherkin-messages/7.2.3/cucumber-gherkin-messages-7.2.3.jar:/home/vscode/.m2/repository/io/cucumber/messages/17.1.1/messages-17.1.1.jar:/home/vscode/.m2/repository/io/cucumber/tag-expressions/4.1.0/tag-expressions-4.1.0.jar:/home/vscode/.m2/repository/io/cucumber/cucumber-expressions/15.0.1/cucumber-expressions-15.0.1.jar:/home/vscode/.m2/repository/io/cucumber/datatable/7.2.3/datatable-7.2.3.jar:/home/vscode/.m2/repository/io/cucumber/cucumber-plugin/7.2.3/cucumber-plugin-7.2.3.jar:/home/vscode/.m2/repository/io/cucumber/docstring/7.2.3/docstring-7.2.3.jar:/home/vscode/.m2/repository/io/cucumber/html-formatter/17.0.0/html-formatter-17.0.0.jar:/home/vscode/.m2/repository/io/cucumber/ci-environment/8.1.0/ci-environment-8.1.0.jar:/home/vscode/.m2/repository/org/apiguardian/apiguardian-api/1.1.2/apiguardian-api-1.1.2.jar:/home/vscode/.m2/repository/io/cucumber/cucumber-junit/7.2.3/cucumber-junit-7.2.3.jar:/home/vscode/.m2/repository/junit/junit/4.13.2/junit-4.13.2.jar:/home/vscode/.m2/repository/org/hamcrest/hamcrest-core/1.3/hamcrest-core-1.3.jar:/home/vscode/.m2/repository/org/glassfish/jaxb/jaxb-runtime/3.0.1/jaxb-runtime-3.0.1.jar:/home/vscode/.m2/repository/com/sun/activation/jakarta.activation/2.0.1/jakarta.activation-2.0.1.jar:/home/vscode/.m2/repository/org/glassfish/jaxb/jaxb-core/3.0.1/jaxb-core-3.0.1.jar:/home/vscode/.m2/repository/jakarta/xml/bind/jakarta.xml.bind-api/3.0.1/jakarta.xml.bind-api-3.0.1.jar:/home/vscode/.m2/repository/org/glassfish/jaxb/txw2/3.0.1/txw2-3.0.1.jar:/home/vscode/.m2/repository/com/sun/istack/istack-commons-runtime/4.0.1/istack-commons-runtime-4.0.1.jar:/home/vscode/.m2/repository/com/fasterxml/jackson/core/jackson-databind/2.12.7.1/jackson-databind-2.12.7.1.jar:/home/vscode/.m2/repository/com/fasterxml/jackson/core/jackson-annotations/2.12.7/jackson-annotations-2.12.7.jar:/home/vscode/.m2/repository/com/fasterxml/jackson/core/jackson-core/2.12.7/jackson-core-2.12.7.jar:/home/vscode/.m2/repository/com/h2database/h2/1.4.200/h2-1.4.200.jar:/home/vscode/.m2/repository/jakarta/persistence/jakarta.persistence-api/3.0.0/jakarta.persistence-api-3.0.0.jar:/home/vscode/.m2/repository/org/eclipse/persistence/org.eclipse.persistence.jpa/3.0.1/org.eclipse.persistence.jpa-3.0.1.jar:/home/vscode/.m2/repository/org/eclipse/persistence/org.eclipse.persistence.asm/3.0.1/org.eclipse.persistence.asm-3.0.1.jar:/home/vscode/.m2/repository/org/eclipse/persistence/org.eclipse.persistence.core/3.0.1/org.eclipse.persistence.core-3.0.1.jar:/home/vscode/.m2/repository/org/eclipse/persistence/org.eclipse.persistence.jpa.jpql/3.0.1/org.eclipse.persistence.jpa.jpql-3.0.1.jar:/home/vscode/.m2/repository/org/projectlombok/lombok/1.18.20/lombok-1.18.20.jar:/home/vscode/.m2/repository/org/apache/maven/plugins/maven-assembly-plugin/3.3.0/maven-assembly-plugin-3.3.0.jar:/home/vscode/.m2/repository/org/apache/maven/maven-plugin-api/3.0/maven-plugin-api-3.0.jar:/home/vscode/.m2/repository/org/sonatype/sisu/sisu-inject-plexus/1.4.2/sisu-inject-plexus-1.4.2.jar:/home/vscode/.m2/repository/org/sonatype/sisu/sisu-inject-bean/1.4.2/sisu-inject-bean-1.4.2.jar:/home/vscode/.m2/repository/org/sonatype/sisu/sisu-guice/2.1.7/sisu-guice-2.1.7-noaop.jar:/home/vscode/.m2/repository/org/apache/maven/maven-core/3.0/maven-core-3.0.jar:/home/vscode/.m2/repository/org/apache/maven/maven-settings/3.0/maven-settings-3.0.jar:/home/vscode/.m2/repository/org/apache/maven/maven-settings-builder/3.0/maven-settings-builder-3.0.jar:/home/vscode/.m2/repository/org/apache/maven/maven-repository-metadata/3.0/maven-repository-metadata-3.0.jar:/home/vscode/.m2/repository/org/apache/maven/maven-model-builder/3.0/maven-model-builder-3.0.jar:/home/vscode/.m2/repository/org/apache/maven/maven-aether-provider/3.0/maven-aether-provider-3.0.jar:/home/vscode/.m2/repository/org/sonatype/aether/aether-impl/1.7/aether-impl-1.7.jar:/home/vscode/.m2/repository/org/sonatype/aether/aether-spi/1.7/aether-spi-1.7.jar:/home/vscode/.m2/repository/org/sonatype/aether/aether-api/1.7/aether-api-1.7.jar:/home/vscode/.m2/repository/org/sonatype/aether/aether-util/1.7/aether-util-1.7.jar:/home/vscode/.m2/repository/org/codehaus/plexus/plexus-classworlds/2.2.3/plexus-classworlds-2.2.3.jar:/home/vscode/.m2/repository/org/codehaus/plexus/plexus-component-annotations/1.5.5/plexus-component-annotations-1.5.5.jar:/home/vscode/.m2/repository/org/sonatype/plexus/plexus-sec-dispatcher/1.3/plexus-sec-dispatcher-1.3.jar:/home/vscode/.m2/repository/org/sonatype/plexus/plexus-cipher/1.4/plexus-cipher-1.4.jar:/home/vscode/.m2/repository/org/apache/maven/maven-artifact/3.0/maven-artifact-3.0.jar:/home/vscode/.m2/repository/org/apache/maven/maven-model/3.0/maven-model-3.0.jar:/home/vscode/.m2/repository/org/apache/maven/shared/maven-common-artifact-filters/3.1.0/maven-common-artifact-filters-3.1.0.jar:/home/vscode/.m2/repository/org/apache/maven/shared/maven-shared-utils/3.1.0/maven-shared-utils-3.1.0.jar:/home/vscode/.m2/repository/org/apache/maven/shared/maven-artifact-transfer/0.11.0/maven-artifact-transfer-0.11.0.jar:/home/vscode/.m2/repository/org/slf4j/slf4j-api/1.7.5/slf4j-api-1.7.5.jar:/home/vscode/.m2/repository/org/codehaus/plexus/plexus-interpolation/1.25/plexus-interpolation-1.25.jar:/home/vscode/.m2/repository/org/codehaus/plexus/plexus-archiver/4.2.1/plexus-archiver-4.2.1.jar:/home/vscode/.m2/repository/org/apache/commons/commons-compress/1.19/commons-compress-1.19.jar:/home/vscode/.m2/repository/org/iq80/snappy/snappy/0.4/snappy-0.4.jar:/home/vscode/.m2/repository/org/tukaani/xz/1.8/xz-1.8.jar:/home/vscode/.m2/repository/org/apache/maven/shared/file-management/3.0.0/file-management-3.0.0.jar:/home/vscode/.m2/repository/org/apache/maven/shared/maven-shared-io/3.0.0/maven-shared-io-3.0.0.jar:/home/vscode/.m2/repository/org/apache/maven/maven-compat/3.0/maven-compat-3.0.jar:/home/vscode/.m2/repository/org/apache/maven/wagon/wagon-provider-api/2.10/wagon-provider-api-2.10.jar:/home/vscode/.m2/repository/commons-io/commons-io/2.5/commons-io-2.5.jar:/home/vscode/.m2/repository/org/apache/maven/shared/maven-filtering/3.1.1/maven-filtering-3.1.1.jar:/home/vscode/.m2/repository/org/sonatype/plexus/plexus-build-api/0.0.7/plexus-build-api-0.0.7.jar:/home/vscode/.m2/repository/org/codehaus/plexus/plexus-io/3.2.0/plexus-io-3.2.0.jar:/home/vscode/.m2/repository/org/apache/maven/maven-archiver/3.5.0/maven-archiver-3.5.0.jar:/home/vscode/.m2/repository/org/codehaus/plexus/plexus-utils/3.3.0/plexus-utils-3.3.0.jar:/home/vscode/.m2/repository/commons-codec/commons-codec/1.6/commons-codec-1.6.jar:"/>
    <property name="sun.cpu.endian" value="little"/>
    <property name="user.home" value="/home/vscode"/>
    <property name="user.language" value="en"/>
    <property name="java.specification.vendor" value="Oracle Corporation"/>
    <property name="java.version.date" value="2023-10-17"/>
    <property name="java.home" value="/usr/lib/jvm/msopenjdk-current"/>
    <property name="file.separator" value="/"/>
    <property name="basedir" value="/workspaces/hwo-arqhexagonal/App04"/>
    <property name="java.vm.compressedOopsMode" value="32-bit"/>
    <property name="line.separator" value="&#10;"/>
    <property name="java.vm.specification.vendor" value="Oracle Corporation"/>
    <property name="java.specification.name" value="Java Platform API Specification"/>
    <property name="surefire.real.class.path" value="/workspaces/hwo-arqhexagonal/App04/target/surefire/surefirebooter-20240214193402764_3.jar"/>
    <property name="sun.management.compiler" value="HotSpot 64-Bit Tiered Compilers"/>
    <property name="java.runtime.version" value="17.0.9+8-LTS"/>
    <property name="user.name" value="vscode"/>
    <property name="path.separator" value=":"/>
    <property name="os.version" value="6.2.0-1019-azure"/>
    <property name="java.runtime.name" value="OpenJDK Runtime Environment"/>
    <property name="file.encoding" value="UTF-8"/>
    <property name="java.vm.name" value="OpenJDK 64-Bit Server VM"/>
    <property name="java.vendor.version" value="Microsoft-8552009"/>
    <property name="localRepository" value="/home/vscode/.m2/repository"/>
    <property name="java.vendor.url.bug" value="https://github.com/microsoft/openjdk/issues"/>
    <property name="java.io.tmpdir" value="/tmp"/>
    <property name="java.version" value="17.0.9"/>
    <property name="user.dir" value="/workspaces/hwo-arqhexagonal/App04"/>
    <property name="os.arch" value="amd64"/>
    <property name="java.vm.specification.name" value="Java Virtual Machine Specification"/>
    <property name="native.encoding" value="UTF-8"/>
    <property name="java.library.path" value="/usr/java/packages/lib:/usr/lib64:/lib64:/lib:/usr/lib"/>
    <property name="java.vm.info" value="mixed mode, sharing"/>
    <property name="java.vendor" value="Microsoft"/>
    <property name="java.vm.version" value="17.0.9+8-LTS"/>
    <property name="sun.io.unicode.encoding" value="UnicodeLittle"/>
    <property name="java.class.version" value="61.0"/>
  </properties>
  <testcase name="Agregar cobertura a una prima existente" classname="Agregar cobertura a la prima" time="0.226">
    <error message="The step &apos;que tengo una prima ID y el detalle de una cobertura&apos; and 4 other step(s) are undefined.&#10;You can implement these steps using the snippet(s) below:&#10;&#10;@Given(&quot;que tengo una prima ID y el detalle de una cobertura&quot;)&#10;public void que_tengo_una_prima_id_y_el_detalle_de_una_cobertura() {&#10;    // Write code here that turns the phrase above into concrete actions&#10;    throw new io.cucumber.java.PendingException();&#10;}&#10;@When(&quot;encuentro la prima&quot;)&#10;public void encuentro_la_prima() {&#10;    // Write code here that turns the phrase above into concrete actions&#10;    throw new io.cucumber.java.PendingException();&#10;}&#10;@When(&quot;el valor de la cobertura es válido y este no existe ya&quot;)&#10;public void el_valor_de_la_cobertura_es_válido_y_este_no_existe_ya() {&#10;    // Write code here that turns the phrase above into concrete actions&#10;    throw new io.cucumber.java.PendingException();&#10;}&#10;@When(&quot;El CIDR es válido&quot;)&#10;public void el_cidr_es_válido() {&#10;    // Write code here that turns the phrase above into concrete actions&#10;    throw new io.cucumber.java.PendingException();&#10;}&#10;@Then(&quot;Agregar la cobertura a la prima&quot;)&#10;public void agregar_la_cobertura_a_la_prima() {&#10;    // Write code here that turns the phrase above into concrete actions&#10;    throw new io.cucumber.java.PendingException();&#10;}&#10;" type="io.cucumber.junit.UndefinedStepException"><![CDATA[io.cucumber.junit.UndefinedStepException: 
The step 'que tengo una prima ID y el detalle de una cobertura' and 4 other step(s) are undefined.
You can implement these steps using the snippet(s) below:

@Given("que tengo una prima ID y el detalle de una cobertura")
public void que_tengo_una_prima_id_y_el_detalle_de_una_cobertura() {
    // Write code here that turns the phrase above into concrete actions
    throw new io.cucumber.java.PendingException();
}
@When("encuentro la prima")
public void encuentro_la_prima() {
    // Write code here that turns the phrase above into concrete actions
    throw new io.cucumber.java.PendingException();
}
@When("el valor de la cobertura es válido y este no existe ya")
public void el_valor_de_la_cobertura_es_válido_y_este_no_existe_ya() {
    // Write code here that turns the phrase above into concrete actions
    throw new io.cucumber.java.PendingException();
}
@When("El CIDR es válido")
public void el_cidr_es_válido() {
    // Write code here that turns the phrase above into concrete actions
    throw new io.cucumber.java.PendingException();
}
@Then("Agregar la cobertura a la prima")
public void agregar_la_cobertura_a_la_prima() {
    // Write code here that turns the phrase above into concrete actions
    throw new io.cucumber.java.PendingException();
}

]]></error>
    <system-out><![CDATA[
@addCoberturaToPrima
Scenario: Agregar cobertura a una prima existente            &amp#27;[90m# src/test/java/dev/com/features/cobertura.feature:5&amp#27;[0m
  &amp#27;[33mGiven &amp#27;[0m&amp#27;[33mque tengo una prima ID y el detalle de una cobertura&amp#27;[0m
  &amp#27;[36mWhen &amp#27;[0m&amp#27;[36mencuentro la prima&amp#27;[0m
  &amp#27;[36mAnd &amp#27;[0m&amp#27;[36mel valor de la cobertura es válido y este no existe ya&amp#27;[0m
  &amp#27;[36mAnd &amp#27;[0m&amp#27;[36mEl CIDR es válido&amp#27;[0m
  &amp#27;[36mThen &amp#27;[0m&amp#27;[36mAgregar la cobertura a la prima&amp#27;[0m
]]></system-out>
  </testcase>
</testsuite>