<?xml version="1.0" encoding="UTF-8"?>
<testsuite xmlns:xsi="http://www.w3.org/2001/XMLSchema-instance" xsi:noNamespaceSchemaLocation="https://maven.apache.org/surefire/maven-surefire-plugin/xsd/surefire-test-report-3.0.xsd" version="3.0" name="dev.davivieira.RunCucumberTest" time="0.324" tests="1" errors="0" skipped="0" failures="0">
  <properties>
    <property name="java.specification.version" value="17"/>
    <property name="sun.jnu.encoding" value="UTF-8"/>
    <property name="java.class.path" value="/Users/hwo/git/hwo-arqhexagonal/App04/target/test-classes:/Users/hwo/git/hwo-arqhexagonal/App04/target/classes:/Users/hwo/.m2/repository/io/cucumber/cucumber-java/7.2.3/cucumber-java-7.2.3.jar:/Users/hwo/.m2/repository/io/cucumber/cucumber-core/7.2.3/cucumber-core-7.2.3.jar:/Users/hwo/.m2/repository/io/cucumber/cucumber-gherkin/7.2.3/cucumber-gherkin-7.2.3.jar:/Users/hwo/.m2/repository/io/cucumber/cucumber-gherkin-messages/7.2.3/cucumber-gherkin-messages-7.2.3.jar:/Users/hwo/.m2/repository/io/cucumber/messages/17.1.1/messages-17.1.1.jar:/Users/hwo/.m2/repository/io/cucumber/tag-expressions/4.1.0/tag-expressions-4.1.0.jar:/Users/hwo/.m2/repository/io/cucumber/cucumber-expressions/15.0.1/cucumber-expressions-15.0.1.jar:/Users/hwo/.m2/repository/io/cucumber/datatable/7.2.3/datatable-7.2.3.jar:/Users/hwo/.m2/repository/io/cucumber/cucumber-plugin/7.2.3/cucumber-plugin-7.2.3.jar:/Users/hwo/.m2/repository/io/cucumber/docstring/7.2.3/docstring-7.2.3.jar:/Users/hwo/.m2/repository/io/cucumber/html-formatter/17.0.0/html-formatter-17.0.0.jar:/Users/hwo/.m2/repository/io/cucumber/ci-environment/8.1.0/ci-environment-8.1.0.jar:/Users/hwo/.m2/repository/org/apiguardian/apiguardian-api/1.1.2/apiguardian-api-1.1.2.jar:/Users/hwo/.m2/repository/io/cucumber/cucumber-junit/7.2.3/cucumber-junit-7.2.3.jar:/Users/hwo/.m2/repository/junit/junit/4.13.2/junit-4.13.2.jar:/Users/hwo/.m2/repository/org/hamcrest/hamcrest-core/1.3/hamcrest-core-1.3.jar:/Users/hwo/.m2/repository/org/glassfish/jaxb/jaxb-runtime/3.0.1/jaxb-runtime-3.0.1.jar:/Users/hwo/.m2/repository/com/sun/activation/jakarta.activation/2.0.1/jakarta.activation-2.0.1.jar:/Users/hwo/.m2/repository/org/glassfish/jaxb/jaxb-core/3.0.1/jaxb-core-3.0.1.jar:/Users/hwo/.m2/repository/jakarta/xml/bind/jakarta.xml.bind-api/3.0.1/jakarta.xml.bind-api-3.0.1.jar:/Users/hwo/.m2/repository/org/glassfish/jaxb/txw2/3.0.1/txw2-3.0.1.jar:/Users/hwo/.m2/repository/com/sun/istack/istack-commons-runtime/4.0.1/istack-commons-runtime-4.0.1.jar:/Users/hwo/.m2/repository/com/fasterxml/jackson/core/jackson-databind/2.12.7.1/jackson-databind-2.12.7.1.jar:/Users/hwo/.m2/repository/com/fasterxml/jackson/core/jackson-annotations/2.12.7/jackson-annotations-2.12.7.jar:/Users/hwo/.m2/repository/com/fasterxml/jackson/core/jackson-core/2.12.7/jackson-core-2.12.7.jar:/Users/hwo/.m2/repository/com/h2database/h2/1.4.200/h2-1.4.200.jar:/Users/hwo/.m2/repository/jakarta/persistence/jakarta.persistence-api/3.0.0/jakarta.persistence-api-3.0.0.jar:/Users/hwo/.m2/repository/org/eclipse/persistence/org.eclipse.persistence.jpa/3.0.1/org.eclipse.persistence.jpa-3.0.1.jar:/Users/hwo/.m2/repository/org/eclipse/persistence/org.eclipse.persistence.asm/3.0.1/org.eclipse.persistence.asm-3.0.1.jar:/Users/hwo/.m2/repository/org/eclipse/persistence/org.eclipse.persistence.core/3.0.1/org.eclipse.persistence.core-3.0.1.jar:/Users/hwo/.m2/repository/org/eclipse/persistence/org.eclipse.persistence.jpa.jpql/3.0.1/org.eclipse.persistence.jpa.jpql-3.0.1.jar:/Users/hwo/.m2/repository/org/projectlombok/lombok/1.18.20/lombok-1.18.20.jar:/Users/hwo/.m2/repository/org/apache/maven/plugins/maven-assembly-plugin/3.3.0/maven-assembly-plugin-3.3.0.jar:/Users/hwo/.m2/repository/org/apache/maven/maven-plugin-api/3.0/maven-plugin-api-3.0.jar:/Users/hwo/.m2/repository/org/sonatype/sisu/sisu-inject-plexus/1.4.2/sisu-inject-plexus-1.4.2.jar:/Users/hwo/.m2/repository/org/sonatype/sisu/sisu-inject-bean/1.4.2/sisu-inject-bean-1.4.2.jar:/Users/hwo/.m2/repository/org/sonatype/sisu/sisu-guice/2.1.7/sisu-guice-2.1.7-noaop.jar:/Users/hwo/.m2/repository/org/apache/maven/maven-core/3.0/maven-core-3.0.jar:/Users/hwo/.m2/repository/org/apache/maven/maven-settings/3.0/maven-settings-3.0.jar:/Users/hwo/.m2/repository/org/apache/maven/maven-settings-builder/3.0/maven-settings-builder-3.0.jar:/Users/hwo/.m2/repository/org/apache/maven/maven-repository-metadata/3.0/maven-repository-metadata-3.0.jar:/Users/hwo/.m2/repository/org/apache/maven/maven-model-builder/3.0/maven-model-builder-3.0.jar:/Users/hwo/.m2/repository/org/apache/maven/maven-aether-provider/3.0/maven-aether-provider-3.0.jar:/Users/hwo/.m2/repository/org/sonatype/aether/aether-impl/1.7/aether-impl-1.7.jar:/Users/hwo/.m2/repository/org/sonatype/aether/aether-spi/1.7/aether-spi-1.7.jar:/Users/hwo/.m2/repository/org/sonatype/aether/aether-api/1.7/aether-api-1.7.jar:/Users/hwo/.m2/repository/org/sonatype/aether/aether-util/1.7/aether-util-1.7.jar:/Users/hwo/.m2/repository/org/codehaus/plexus/plexus-classworlds/2.2.3/plexus-classworlds-2.2.3.jar:/Users/hwo/.m2/repository/org/codehaus/plexus/plexus-component-annotations/1.5.5/plexus-component-annotations-1.5.5.jar:/Users/hwo/.m2/repository/org/sonatype/plexus/plexus-sec-dispatcher/1.3/plexus-sec-dispatcher-1.3.jar:/Users/hwo/.m2/repository/org/sonatype/plexus/plexus-cipher/1.4/plexus-cipher-1.4.jar:/Users/hwo/.m2/repository/org/apache/maven/maven-artifact/3.0/maven-artifact-3.0.jar:/Users/hwo/.m2/repository/org/apache/maven/maven-model/3.0/maven-model-3.0.jar:/Users/hwo/.m2/repository/org/apache/maven/shared/maven-common-artifact-filters/3.1.0/maven-common-artifact-filters-3.1.0.jar:/Users/hwo/.m2/repository/org/apache/maven/shared/maven-shared-utils/3.1.0/maven-shared-utils-3.1.0.jar:/Users/hwo/.m2/repository/org/apache/maven/shared/maven-artifact-transfer/0.11.0/maven-artifact-transfer-0.11.0.jar:/Users/hwo/.m2/repository/org/slf4j/slf4j-api/1.7.5/slf4j-api-1.7.5.jar:/Users/hwo/.m2/repository/org/codehaus/plexus/plexus-interpolation/1.25/plexus-interpolation-1.25.jar:/Users/hwo/.m2/repository/org/codehaus/plexus/plexus-archiver/4.2.1/plexus-archiver-4.2.1.jar:/Users/hwo/.m2/repository/org/apache/commons/commons-compress/1.19/commons-compress-1.19.jar:/Users/hwo/.m2/repository/org/iq80/snappy/snappy/0.4/snappy-0.4.jar:/Users/hwo/.m2/repository/org/tukaani/xz/1.8/xz-1.8.jar:/Users/hwo/.m2/repository/org/apache/maven/shared/file-management/3.0.0/file-management-3.0.0.jar:/Users/hwo/.m2/repository/org/apache/maven/shared/maven-shared-io/3.0.0/maven-shared-io-3.0.0.jar:/Users/hwo/.m2/repository/org/apache/maven/maven-compat/3.0/maven-compat-3.0.jar:/Users/hwo/.m2/repository/org/apache/maven/wagon/wagon-provider-api/2.10/wagon-provider-api-2.10.jar:/Users/hwo/.m2/repository/commons-io/commons-io/2.5/commons-io-2.5.jar:/Users/hwo/.m2/repository/org/apache/maven/shared/maven-filtering/3.1.1/maven-filtering-3.1.1.jar:/Users/hwo/.m2/repository/org/sonatype/plexus/plexus-build-api/0.0.7/plexus-build-api-0.0.7.jar:/Users/hwo/.m2/repository/org/codehaus/plexus/plexus-io/3.2.0/plexus-io-3.2.0.jar:/Users/hwo/.m2/repository/org/apache/maven/maven-archiver/3.5.0/maven-archiver-3.5.0.jar:/Users/hwo/.m2/repository/org/codehaus/plexus/plexus-utils/3.3.0/plexus-utils-3.3.0.jar:/Users/hwo/.m2/repository/commons-codec/commons-codec/1.6/commons-codec-1.6.jar:"/>
    <property name="java.vm.vendor" value="Oracle Corporation"/>
    <property name="sun.arch.data.model" value="64"/>
    <property name="java.vendor.url" value="https://java.oracle.com/"/>
    <property name="os.name" value="Mac OS X"/>
    <property name="java.vm.specification.version" value="17"/>
    <property name="sun.java.launcher" value="SUN_STANDARD"/>
    <property name="user.country" value="CO"/>
    <property name="sun.boot.library.path" value="/Library/Java/JavaVirtualMachines/jdk-17.jdk/Contents/Home/lib"/>
    <property name="sun.java.command" value="/Users/hwo/git/hwo-arqhexagonal/App04/target/surefire/surefirebooter-20240204205502267_3.jar /Users/hwo/git/hwo-arqhexagonal/App04/target/surefire 2024-02-04T20-55-02_212-jvmRun1 surefire-20240204205502267_1tmp surefire_0-20240204205502267_2tmp"/>
    <property name="http.nonProxyHosts" value="local|*.local|169.254/16|*.169.254/16"/>
    <property name="jdk.debug" value="release"/>
    <property name="surefire.test.class.path" value="/Users/hwo/git/hwo-arqhexagonal/App04/target/test-classes:/Users/hwo/git/hwo-arqhexagonal/App04/target/classes:/Users/hwo/.m2/repository/io/cucumber/cucumber-java/7.2.3/cucumber-java-7.2.3.jar:/Users/hwo/.m2/repository/io/cucumber/cucumber-core/7.2.3/cucumber-core-7.2.3.jar:/Users/hwo/.m2/repository/io/cucumber/cucumber-gherkin/7.2.3/cucumber-gherkin-7.2.3.jar:/Users/hwo/.m2/repository/io/cucumber/cucumber-gherkin-messages/7.2.3/cucumber-gherkin-messages-7.2.3.jar:/Users/hwo/.m2/repository/io/cucumber/messages/17.1.1/messages-17.1.1.jar:/Users/hwo/.m2/repository/io/cucumber/tag-expressions/4.1.0/tag-expressions-4.1.0.jar:/Users/hwo/.m2/repository/io/cucumber/cucumber-expressions/15.0.1/cucumber-expressions-15.0.1.jar:/Users/hwo/.m2/repository/io/cucumber/datatable/7.2.3/datatable-7.2.3.jar:/Users/hwo/.m2/repository/io/cucumber/cucumber-plugin/7.2.3/cucumber-plugin-7.2.3.jar:/Users/hwo/.m2/repository/io/cucumber/docstring/7.2.3/docstring-7.2.3.jar:/Users/hwo/.m2/repository/io/cucumber/html-formatter/17.0.0/html-formatter-17.0.0.jar:/Users/hwo/.m2/repository/io/cucumber/ci-environment/8.1.0/ci-environment-8.1.0.jar:/Users/hwo/.m2/repository/org/apiguardian/apiguardian-api/1.1.2/apiguardian-api-1.1.2.jar:/Users/hwo/.m2/repository/io/cucumber/cucumber-junit/7.2.3/cucumber-junit-7.2.3.jar:/Users/hwo/.m2/repository/junit/junit/4.13.2/junit-4.13.2.jar:/Users/hwo/.m2/repository/org/hamcrest/hamcrest-core/1.3/hamcrest-core-1.3.jar:/Users/hwo/.m2/repository/org/glassfish/jaxb/jaxb-runtime/3.0.1/jaxb-runtime-3.0.1.jar:/Users/hwo/.m2/repository/com/sun/activation/jakarta.activation/2.0.1/jakarta.activation-2.0.1.jar:/Users/hwo/.m2/repository/org/glassfish/jaxb/jaxb-core/3.0.1/jaxb-core-3.0.1.jar:/Users/hwo/.m2/repository/jakarta/xml/bind/jakarta.xml.bind-api/3.0.1/jakarta.xml.bind-api-3.0.1.jar:/Users/hwo/.m2/repository/org/glassfish/jaxb/txw2/3.0.1/txw2-3.0.1.jar:/Users/hwo/.m2/repository/com/sun/istack/istack-commons-runtime/4.0.1/istack-commons-runtime-4.0.1.jar:/Users/hwo/.m2/repository/com/fasterxml/jackson/core/jackson-databind/2.12.7.1/jackson-databind-2.12.7.1.jar:/Users/hwo/.m2/repository/com/fasterxml/jackson/core/jackson-annotations/2.12.7/jackson-annotations-2.12.7.jar:/Users/hwo/.m2/repository/com/fasterxml/jackson/core/jackson-core/2.12.7/jackson-core-2.12.7.jar:/Users/hwo/.m2/repository/com/h2database/h2/1.4.200/h2-1.4.200.jar:/Users/hwo/.m2/repository/jakarta/persistence/jakarta.persistence-api/3.0.0/jakarta.persistence-api-3.0.0.jar:/Users/hwo/.m2/repository/org/eclipse/persistence/org.eclipse.persistence.jpa/3.0.1/org.eclipse.persistence.jpa-3.0.1.jar:/Users/hwo/.m2/repository/org/eclipse/persistence/org.eclipse.persistence.asm/3.0.1/org.eclipse.persistence.asm-3.0.1.jar:/Users/hwo/.m2/repository/org/eclipse/persistence/org.eclipse.persistence.core/3.0.1/org.eclipse.persistence.core-3.0.1.jar:/Users/hwo/.m2/repository/org/eclipse/persistence/org.eclipse.persistence.jpa.jpql/3.0.1/org.eclipse.persistence.jpa.jpql-3.0.1.jar:/Users/hwo/.m2/repository/org/projectlombok/lombok/1.18.20/lombok-1.18.20.jar:/Users/hwo/.m2/repository/org/apache/maven/plugins/maven-assembly-plugin/3.3.0/maven-assembly-plugin-3.3.0.jar:/Users/hwo/.m2/repository/org/apache/maven/maven-plugin-api/3.0/maven-plugin-api-3.0.jar:/Users/hwo/.m2/repository/org/sonatype/sisu/sisu-inject-plexus/1.4.2/sisu-inject-plexus-1.4.2.jar:/Users/hwo/.m2/repository/org/sonatype/sisu/sisu-inject-bean/1.4.2/sisu-inject-bean-1.4.2.jar:/Users/hwo/.m2/repository/org/sonatype/sisu/sisu-guice/2.1.7/sisu-guice-2.1.7-noaop.jar:/Users/hwo/.m2/repository/org/apache/maven/maven-core/3.0/maven-core-3.0.jar:/Users/hwo/.m2/repository/org/apache/maven/maven-settings/3.0/maven-settings-3.0.jar:/Users/hwo/.m2/repository/org/apache/maven/maven-settings-builder/3.0/maven-settings-builder-3.0.jar:/Users/hwo/.m2/repository/org/apache/maven/maven-repository-metadata/3.0/maven-repository-metadata-3.0.jar:/Users/hwo/.m2/repository/org/apache/maven/maven-model-builder/3.0/maven-model-builder-3.0.jar:/Users/hwo/.m2/repository/org/apache/maven/maven-aether-provider/3.0/maven-aether-provider-3.0.jar:/Users/hwo/.m2/repository/org/sonatype/aether/aether-impl/1.7/aether-impl-1.7.jar:/Users/hwo/.m2/repository/org/sonatype/aether/aether-spi/1.7/aether-spi-1.7.jar:/Users/hwo/.m2/repository/org/sonatype/aether/aether-api/1.7/aether-api-1.7.jar:/Users/hwo/.m2/repository/org/sonatype/aether/aether-util/1.7/aether-util-1.7.jar:/Users/hwo/.m2/repository/org/codehaus/plexus/plexus-classworlds/2.2.3/plexus-classworlds-2.2.3.jar:/Users/hwo/.m2/repository/org/codehaus/plexus/plexus-component-annotations/1.5.5/plexus-component-annotations-1.5.5.jar:/Users/hwo/.m2/repository/org/sonatype/plexus/plexus-sec-dispatcher/1.3/plexus-sec-dispatcher-1.3.jar:/Users/hwo/.m2/repository/org/sonatype/plexus/plexus-cipher/1.4/plexus-cipher-1.4.jar:/Users/hwo/.m2/repository/org/apache/maven/maven-artifact/3.0/maven-artifact-3.0.jar:/Users/hwo/.m2/repository/org/apache/maven/maven-model/3.0/maven-model-3.0.jar:/Users/hwo/.m2/repository/org/apache/maven/shared/maven-common-artifact-filters/3.1.0/maven-common-artifact-filters-3.1.0.jar:/Users/hwo/.m2/repository/org/apache/maven/shared/maven-shared-utils/3.1.0/maven-shared-utils-3.1.0.jar:/Users/hwo/.m2/repository/org/apache/maven/shared/maven-artifact-transfer/0.11.0/maven-artifact-transfer-0.11.0.jar:/Users/hwo/.m2/repository/org/slf4j/slf4j-api/1.7.5/slf4j-api-1.7.5.jar:/Users/hwo/.m2/repository/org/codehaus/plexus/plexus-interpolation/1.25/plexus-interpolation-1.25.jar:/Users/hwo/.m2/repository/org/codehaus/plexus/plexus-archiver/4.2.1/plexus-archiver-4.2.1.jar:/Users/hwo/.m2/repository/org/apache/commons/commons-compress/1.19/commons-compress-1.19.jar:/Users/hwo/.m2/repository/org/iq80/snappy/snappy/0.4/snappy-0.4.jar:/Users/hwo/.m2/repository/org/tukaani/xz/1.8/xz-1.8.jar:/Users/hwo/.m2/repository/org/apache/maven/shared/file-management/3.0.0/file-management-3.0.0.jar:/Users/hwo/.m2/repository/org/apache/maven/shared/maven-shared-io/3.0.0/maven-shared-io-3.0.0.jar:/Users/hwo/.m2/repository/org/apache/maven/maven-compat/3.0/maven-compat-3.0.jar:/Users/hwo/.m2/repository/org/apache/maven/wagon/wagon-provider-api/2.10/wagon-provider-api-2.10.jar:/Users/hwo/.m2/repository/commons-io/commons-io/2.5/commons-io-2.5.jar:/Users/hwo/.m2/repository/org/apache/maven/shared/maven-filtering/3.1.1/maven-filtering-3.1.1.jar:/Users/hwo/.m2/repository/org/sonatype/plexus/plexus-build-api/0.0.7/plexus-build-api-0.0.7.jar:/Users/hwo/.m2/repository/org/codehaus/plexus/plexus-io/3.2.0/plexus-io-3.2.0.jar:/Users/hwo/.m2/repository/org/apache/maven/maven-archiver/3.5.0/maven-archiver-3.5.0.jar:/Users/hwo/.m2/repository/org/codehaus/plexus/plexus-utils/3.3.0/plexus-utils-3.3.0.jar:/Users/hwo/.m2/repository/commons-codec/commons-codec/1.6/commons-codec-1.6.jar:"/>
    <property name="sun.cpu.endian" value="little"/>
    <property name="user.home" value="/Users/hwo"/>
    <property name="user.language" value="en"/>
    <property name="java.specification.vendor" value="Oracle Corporation"/>
    <property name="java.version.date" value="2024-01-16"/>
    <property name="java.home" value="/Library/Java/JavaVirtualMachines/jdk-17.jdk/Contents/Home"/>
    <property name="file.separator" value="/"/>
    <property name="basedir" value="/Users/hwo/git/hwo-arqhexagonal/App04"/>
    <property name="java.vm.compressedOopsMode" value="Zero based"/>
    <property name="line.separator" value="&#10;"/>
    <property name="java.specification.name" value="Java Platform API Specification"/>
    <property name="java.vm.specification.vendor" value="Oracle Corporation"/>
    <property name="surefire.real.class.path" value="/Users/hwo/git/hwo-arqhexagonal/App04/target/surefire/surefirebooter-20240204205502267_3.jar"/>
    <property name="sun.management.compiler" value="HotSpot 64-Bit Tiered Compilers"/>
    <property name="ftp.nonProxyHosts" value="local|*.local|169.254/16|*.169.254/16"/>
    <property name="java.runtime.version" value="17.0.10+11-LTS-240"/>
    <property name="user.name" value="hwo"/>
    <property name="path.separator" value=":"/>
    <property name="os.version" value="11.3"/>
    <property name="java.runtime.name" value="Java(TM) SE Runtime Environment"/>
    <property name="file.encoding" value="UTF-8"/>
    <property name="java.vm.name" value="Java HotSpot(TM) 64-Bit Server VM"/>
    <property name="localRepository" value="/Users/hwo/.m2/repository"/>
    <property name="java.vendor.url.bug" value="https://bugreport.java.com/bugreport/"/>
    <property name="java.io.tmpdir" value="/var/folders/tf/4m4f2jss3rqf65dlx57sw5sc0000gn/T/"/>
    <property name="java.version" value="17.0.10"/>
    <property name="user.dir" value="/Users/hwo/git/hwo-arqhexagonal/App04"/>
    <property name="os.arch" value="aarch64"/>
    <property name="java.vm.specification.name" value="Java Virtual Machine Specification"/>
    <property name="native.encoding" value="UTF-8"/>
    <property name="java.library.path" value="/Users/hwo/Library/Java/Extensions:/Library/Java/Extensions:/Network/Library/Java/Extensions:/System/Library/Java/Extensions:/usr/lib/java:."/>
    <property name="java.vm.info" value="mixed mode, sharing"/>
    <property name="java.vendor" value="Oracle Corporation"/>
    <property name="java.vm.version" value="17.0.10+11-LTS-240"/>
    <property name="sun.io.unicode.encoding" value="UnicodeBig"/>
    <property name="socksNonProxyHosts" value="local|*.local|169.254/16|*.169.254/16"/>
    <property name="java.class.version" value="61.0"/>
  </properties>
  <testcase name="Adding a network to an existent router" classname="Add network to a router" time="0.102">
    <system-out><![CDATA[
@addNetworkToRouter
Scenario: Adding a network to an existent router              &amp#27;[90m# src/test/java/dev/davivieira/features/network.feature:5&amp#27;[0m
  &amp#27;[32mGiven &amp#27;[0m&amp#27;[32mI provide a router ID and the network details&amp#27;[0m         &amp#27;[90m# dev.davivieira.AddCoberturaStepsTest.obtain_routerId()&amp#27;[0m
  &amp#27;[32mWhen &amp#27;[0m&amp#27;[32mI found the router&amp#27;[0m                                     &amp#27;[90m# dev.davivieira.AddCoberturaStepsTest.lookup_router()&amp#27;[0m
  &amp#27;[32mAnd &amp#27;[0m&amp#27;[32mThe network address is valid and doesn't already exists&amp#27;[0m &amp#27;[90m# dev.davivieira.AddCoberturaStepsTest.check_address_validity_and_existence()&amp#27;[0m
  &amp#27;[32mAnd &amp#27;[0m&amp#27;[32mThe CIDR is valid&amp#27;[0m                                       &amp#27;[90m# dev.davivieira.AddCoberturaStepsTest.check_cidr()&amp#27;[0m
  &amp#27;[32mThen &amp#27;[0m&amp#27;[32mAdd the network to the router&amp#27;[0m                          &amp#27;[90m# dev.davivieira.AddCoberturaStepsTest.add_network()&amp#27;[0m
]]></system-out>
  </testcase>
</testsuite>