<?xml version="1.0" encoding="UTF-8"?>
<testsuite xmlns:xsi="http://www.w3.org/2001/XMLSchema-instance" xsi:noNamespaceSchemaLocation="https://maven.apache.org/surefire/maven-surefire-plugin/xsd/surefire-test-report-3.0.xsd" version="3.0" name="dev.com.RunCucumberTest" time="0.263" tests="1" errors="0" skipped="0" failures="0">
  <properties>
    <property name="java.specification.version" value="17"/>
    <property name="sun.jnu.encoding" value="UTF-8"/>
    <property name="java.class.path" value="/Users/hwo/git/hwo-arqhexagonal/App03/target/test-classes:/Users/hwo/git/hwo-arqhexagonal/App03/target/classes:/Users/hwo/.m2/repository/io/cucumber/cucumber-java/7.2.3/cucumber-java-7.2.3.jar:/Users/hwo/.m2/repository/io/cucumber/cucumber-core/7.2.3/cucumber-core-7.2.3.jar:/Users/hwo/.m2/repository/io/cucumber/cucumber-gherkin/7.2.3/cucumber-gherkin-7.2.3.jar:/Users/hwo/.m2/repository/io/cucumber/cucumber-gherkin-messages/7.2.3/cucumber-gherkin-messages-7.2.3.jar:/Users/hwo/.m2/repository/io/cucumber/messages/17.1.1/messages-17.1.1.jar:/Users/hwo/.m2/repository/io/cucumber/tag-expressions/4.1.0/tag-expressions-4.1.0.jar:/Users/hwo/.m2/repository/io/cucumber/cucumber-expressions/15.0.1/cucumber-expressions-15.0.1.jar:/Users/hwo/.m2/repository/io/cucumber/datatable/7.2.3/datatable-7.2.3.jar:/Users/hwo/.m2/repository/io/cucumber/cucumber-plugin/7.2.3/cucumber-plugin-7.2.3.jar:/Users/hwo/.m2/repository/io/cucumber/docstring/7.2.3/docstring-7.2.3.jar:/Users/hwo/.m2/repository/io/cucumber/html-formatter/17.0.0/html-formatter-17.0.0.jar:/Users/hwo/.m2/repository/io/cucumber/ci-environment/8.1.0/ci-environment-8.1.0.jar:/Users/hwo/.m2/repository/org/apiguardian/apiguardian-api/1.1.2/apiguardian-api-1.1.2.jar:/Users/hwo/.m2/repository/io/cucumber/cucumber-junit/7.2.3/cucumber-junit-7.2.3.jar:/Users/hwo/.m2/repository/junit/junit/4.13.2/junit-4.13.2.jar:/Users/hwo/.m2/repository/org/hamcrest/hamcrest-core/1.3/hamcrest-core-1.3.jar:"/>
    <property name="java.vm.vendor" value="Oracle Corporation"/>
    <property name="sun.arch.data.model" value="64"/>
    <property name="java.vendor.url" value="https://java.oracle.com/"/>
    <property name="os.name" value="Mac OS X"/>
    <property name="java.vm.specification.version" value="17"/>
    <property name="sun.java.launcher" value="SUN_STANDARD"/>
    <property name="user.country" value="CO"/>
    <property name="sun.boot.library.path" value="/Library/Java/JavaVirtualMachines/jdk-17.jdk/Contents/Home/lib"/>
    <property name="sun.java.command" value="/Users/hwo/git/hwo-arqhexagonal/App03/target/surefire/surefirebooter-20240211142836485_3.jar /Users/hwo/git/hwo-arqhexagonal/App03/target/surefire 2024-02-11T14-28-36_435-jvmRun1 surefire-20240211142836485_1tmp surefire_0-20240211142836485_2tmp"/>
    <property name="http.nonProxyHosts" value="local|*.local|169.254/16|*.169.254/16"/>
    <property name="jdk.debug" value="release"/>
    <property name="surefire.test.class.path" value="/Users/hwo/git/hwo-arqhexagonal/App03/target/test-classes:/Users/hwo/git/hwo-arqhexagonal/App03/target/classes:/Users/hwo/.m2/repository/io/cucumber/cucumber-java/7.2.3/cucumber-java-7.2.3.jar:/Users/hwo/.m2/repository/io/cucumber/cucumber-core/7.2.3/cucumber-core-7.2.3.jar:/Users/hwo/.m2/repository/io/cucumber/cucumber-gherkin/7.2.3/cucumber-gherkin-7.2.3.jar:/Users/hwo/.m2/repository/io/cucumber/cucumber-gherkin-messages/7.2.3/cucumber-gherkin-messages-7.2.3.jar:/Users/hwo/.m2/repository/io/cucumber/messages/17.1.1/messages-17.1.1.jar:/Users/hwo/.m2/repository/io/cucumber/tag-expressions/4.1.0/tag-expressions-4.1.0.jar:/Users/hwo/.m2/repository/io/cucumber/cucumber-expressions/15.0.1/cucumber-expressions-15.0.1.jar:/Users/hwo/.m2/repository/io/cucumber/datatable/7.2.3/datatable-7.2.3.jar:/Users/hwo/.m2/repository/io/cucumber/cucumber-plugin/7.2.3/cucumber-plugin-7.2.3.jar:/Users/hwo/.m2/repository/io/cucumber/docstring/7.2.3/docstring-7.2.3.jar:/Users/hwo/.m2/repository/io/cucumber/html-formatter/17.0.0/html-formatter-17.0.0.jar:/Users/hwo/.m2/repository/io/cucumber/ci-environment/8.1.0/ci-environment-8.1.0.jar:/Users/hwo/.m2/repository/org/apiguardian/apiguardian-api/1.1.2/apiguardian-api-1.1.2.jar:/Users/hwo/.m2/repository/io/cucumber/cucumber-junit/7.2.3/cucumber-junit-7.2.3.jar:/Users/hwo/.m2/repository/junit/junit/4.13.2/junit-4.13.2.jar:/Users/hwo/.m2/repository/org/hamcrest/hamcrest-core/1.3/hamcrest-core-1.3.jar:"/>
    <property name="sun.cpu.endian" value="little"/>
    <property name="user.home" value="/Users/hwo"/>
    <property name="user.language" value="en"/>
    <property name="java.specification.vendor" value="Oracle Corporation"/>
    <property name="java.version.date" value="2024-01-16"/>
    <property name="java.home" value="/Library/Java/JavaVirtualMachines/jdk-17.jdk/Contents/Home"/>
    <property name="file.separator" value="/"/>
    <property name="basedir" value="/Users/hwo/git/hwo-arqhexagonal/App03"/>
    <property name="java.vm.compressedOopsMode" value="Zero based"/>
    <property name="line.separator" value="&#10;"/>
    <property name="java.specification.name" value="Java Platform API Specification"/>
    <property name="java.vm.specification.vendor" value="Oracle Corporation"/>
    <property name="surefire.real.class.path" value="/Users/hwo/git/hwo-arqhexagonal/App03/target/surefire/surefirebooter-20240211142836485_3.jar"/>
    <property name="sun.management.compiler" value="HotSpot 64-Bit Tiered Compilers"/>
    <property name="ftp.nonProxyHosts" value="local|*.local|169.254/16|*.169.254/16"/>
    <property name="java.runtime.version" value="17.0.10+11-LTS-240"/>
    <property name="user.name" value="hwo"/>
    <property name="path.separator" value=":"/>
    <property name="os.version" value="11.3"/>
    <property name="java.runtime.name" value="Java(TM) SE Runtime Environment"/>
    <property name="file.encoding" value="UTF-8"/>
    <property name="java.vm.name" value="Java HotSpot(TM) 64-Bit Server VM"/>
    <property name="localRepository" value="/Users/hwo/.m2/repository"/>
    <property name="java.vendor.url.bug" value="https://bugreport.java.com/bugreport/"/>
    <property name="java.io.tmpdir" value="/var/folders/tf/4m4f2jss3rqf65dlx57sw5sc0000gn/T/"/>
    <property name="java.version" value="17.0.10"/>
    <property name="user.dir" value="/Users/hwo/git/hwo-arqhexagonal/App03"/>
    <property name="os.arch" value="aarch64"/>
    <property name="java.vm.specification.name" value="Java Virtual Machine Specification"/>
    <property name="native.encoding" value="UTF-8"/>
    <property name="java.library.path" value="/Users/hwo/Library/Java/Extensions:/Library/Java/Extensions:/Network/Library/Java/Extensions:/System/Library/Java/Extensions:/usr/lib/java:."/>
    <property name="java.vm.info" value="mixed mode, sharing"/>
    <property name="java.vendor" value="Oracle Corporation"/>
    <property name="java.vm.version" value="17.0.10+11-LTS-240"/>
    <property name="sun.io.unicode.encoding" value="UnicodeBig"/>
    <property name="socksNonProxyHosts" value="local|*.local|169.254/16|*.169.254/16"/>
    <property name="java.class.version" value="61.0"/>
  </properties>
  <testcase name="Adding a network to an existent router" classname="Add network to a router" time="0.033">
    <system-out><![CDATA[
@addCoberturaToPrima
Scenario: Adding a network to an existent router              &amp#27;[90m# src/test/java/dev/com/features/network.feature:5&amp#27;[0m
  &amp#27;[32mGiven &amp#27;[0m&amp#27;[32mI provide a router ID and the network details&amp#27;[0m         &amp#27;[90m# dev.com.AddCoberturaStepsTest.obtain_primaId()&amp#27;[0m
  &amp#27;[32mWhen &amp#27;[0m&amp#27;[32mI found the router&amp#27;[0m                                     &amp#27;[90m# dev.com.AddCoberturaStepsTest.lookup_prima()&amp#27;[0m
  &amp#27;[32mAnd &amp#27;[0m&amp#27;[32mThe network address is valid and doesn't already exists&amp#27;[0m &amp#27;[90m# dev.com.AddCoberturaStepsTest.check_address_validity_and_existence()&amp#27;[0m
  &amp#27;[32mAnd &amp#27;[0m&amp#27;[32mThe CIDR is valid&amp#27;[0m                                       &amp#27;[90m# dev.com.AddCoberturaStepsTest.check_cidr()&amp#27;[0m
  &amp#27;[32mThen &amp#27;[0m&amp#27;[32mAdd the network to the router&amp#27;[0m                          &amp#27;[90m# dev.com.AddCoberturaStepsTest.add_cobertura()&amp#27;[0m
]]></system-out>
  </testcase>
</testsuite>