<?xml version="1.0" encoding="UTF-8"?>
<testsuite xmlns:xsi="http://www.w3.org/2001/XMLSchema-instance" xsi:noNamespaceSchemaLocation="https://maven.apache.org/surefire/maven-surefire-plugin/xsd/surefire-test-report-3.0.xsd" version="3.0" name="dev.com.RunCucumberTest" time="0.863" tests="1" errors="0" skipped="0" failures="0">
  <properties>
    <property name="java.specification.version" value="17"/>
    <property name="sun.jnu.encoding" value="UTF-8"/>
    <property name="java.class.path" value="/workspaces/hwo-arqhexagonal/hexagonal-architecture-with-java/App03/target/test-classes:/workspaces/hwo-arqhexagonal/hexagonal-architecture-with-java/App03/target/classes:/home/vscode/.m2/repository/io/cucumber/cucumber-java/7.2.3/cucumber-java-7.2.3.jar:/home/vscode/.m2/repository/io/cucumber/cucumber-core/7.2.3/cucumber-core-7.2.3.jar:/home/vscode/.m2/repository/io/cucumber/cucumber-gherkin/7.2.3/cucumber-gherkin-7.2.3.jar:/home/vscode/.m2/repository/io/cucumber/cucumber-gherkin-messages/7.2.3/cucumber-gherkin-messages-7.2.3.jar:/home/vscode/.m2/repository/io/cucumber/messages/17.1.1/messages-17.1.1.jar:/home/vscode/.m2/repository/io/cucumber/tag-expressions/4.1.0/tag-expressions-4.1.0.jar:/home/vscode/.m2/repository/io/cucumber/cucumber-expressions/15.0.1/cucumber-expressions-15.0.1.jar:/home/vscode/.m2/repository/io/cucumber/datatable/7.2.3/datatable-7.2.3.jar:/home/vscode/.m2/repository/io/cucumber/cucumber-plugin/7.2.3/cucumber-plugin-7.2.3.jar:/home/vscode/.m2/repository/io/cucumber/docstring/7.2.3/docstring-7.2.3.jar:/home/vscode/.m2/repository/io/cucumber/html-formatter/17.0.0/html-formatter-17.0.0.jar:/home/vscode/.m2/repository/io/cucumber/ci-environment/8.1.0/ci-environment-8.1.0.jar:/home/vscode/.m2/repository/org/apiguardian/apiguardian-api/1.1.2/apiguardian-api-1.1.2.jar:/home/vscode/.m2/repository/io/cucumber/cucumber-junit/7.2.3/cucumber-junit-7.2.3.jar:/home/vscode/.m2/repository/junit/junit/4.13.2/junit-4.13.2.jar:/home/vscode/.m2/repository/org/hamcrest/hamcrest-core/1.3/hamcrest-core-1.3.jar:"/>
    <property name="java.vm.vendor" value="Microsoft"/>
    <property name="sun.arch.data.model" value="64"/>
    <property name="java.vendor.url" value="https://www.microsoft.com"/>
    <property name="os.name" value="Linux"/>
    <property name="java.vm.specification.version" value="17"/>
    <property name="sun.java.launcher" value="SUN_STANDARD"/>
    <property name="user.country" value="US"/>
    <property name="sun.boot.library.path" value="/usr/lib/jvm/msopenjdk-current/lib"/>
    <property name="sun.java.command" value="/workspaces/hwo-arqhexagonal/hexagonal-architecture-with-java/App03/target/surefire/surefirebooter-20240203182041000_3.jar /workspaces/hwo-arqhexagonal/hexagonal-architecture-with-java/App03/target/surefire 2024-02-03T18-20-40_895-jvmRun1 surefire-20240203182041000_1tmp surefire_0-20240203182041000_2tmp"/>
    <property name="jdk.debug" value="release"/>
    <property name="surefire.test.class.path" value="/workspaces/hwo-arqhexagonal/hexagonal-architecture-with-java/App03/target/test-classes:/workspaces/hwo-arqhexagonal/hexagonal-architecture-with-java/App03/target/classes:/home/vscode/.m2/repository/io/cucumber/cucumber-java/7.2.3/cucumber-java-7.2.3.jar:/home/vscode/.m2/repository/io/cucumber/cucumber-core/7.2.3/cucumber-core-7.2.3.jar:/home/vscode/.m2/repository/io/cucumber/cucumber-gherkin/7.2.3/cucumber-gherkin-7.2.3.jar:/home/vscode/.m2/repository/io/cucumber/cucumber-gherkin-messages/7.2.3/cucumber-gherkin-messages-7.2.3.jar:/home/vscode/.m2/repository/io/cucumber/messages/17.1.1/messages-17.1.1.jar:/home/vscode/.m2/repository/io/cucumber/tag-expressions/4.1.0/tag-expressions-4.1.0.jar:/home/vscode/.m2/repository/io/cucumber/cucumber-expressions/15.0.1/cucumber-expressions-15.0.1.jar:/home/vscode/.m2/repository/io/cucumber/datatable/7.2.3/datatable-7.2.3.jar:/home/vscode/.m2/repository/io/cucumber/cucumber-plugin/7.2.3/cucumber-plugin-7.2.3.jar:/home/vscode/.m2/repository/io/cucumber/docstring/7.2.3/docstring-7.2.3.jar:/home/vscode/.m2/repository/io/cucumber/html-formatter/17.0.0/html-formatter-17.0.0.jar:/home/vscode/.m2/repository/io/cucumber/ci-environment/8.1.0/ci-environment-8.1.0.jar:/home/vscode/.m2/repository/org/apiguardian/apiguardian-api/1.1.2/apiguardian-api-1.1.2.jar:/home/vscode/.m2/repository/io/cucumber/cucumber-junit/7.2.3/cucumber-junit-7.2.3.jar:/home/vscode/.m2/repository/junit/junit/4.13.2/junit-4.13.2.jar:/home/vscode/.m2/repository/org/hamcrest/hamcrest-core/1.3/hamcrest-core-1.3.jar:"/>
    <property name="sun.cpu.endian" value="little"/>
    <property name="user.home" value="/home/vscode"/>
    <property name="user.language" value="en"/>
    <property name="java.specification.vendor" value="Oracle Corporation"/>
    <property name="java.version.date" value="2023-10-17"/>
    <property name="java.home" value="/usr/lib/jvm/msopenjdk-current"/>
    <property name="file.separator" value="/"/>
    <property name="basedir" value="/workspaces/hwo-arqhexagonal/hexagonal-architecture-with-java/App03"/>
    <property name="java.vm.compressedOopsMode" value="32-bit"/>
    <property name="line.separator" value="&#10;"/>
    <property name="java.vm.specification.vendor" value="Oracle Corporation"/>
    <property name="java.specification.name" value="Java Platform API Specification"/>
    <property name="surefire.real.class.path" value="/workspaces/hwo-arqhexagonal/hexagonal-architecture-with-java/App03/target/surefire/surefirebooter-20240203182041000_3.jar"/>
    <property name="sun.management.compiler" value="HotSpot 64-Bit Tiered Compilers"/>
    <property name="java.runtime.version" value="17.0.9+8-LTS"/>
    <property name="user.name" value="vscode"/>
    <property name="path.separator" value=":"/>
    <property name="os.version" value="6.2.0-1018-azure"/>
    <property name="java.runtime.name" value="OpenJDK Runtime Environment"/>
    <property name="file.encoding" value="UTF-8"/>
    <property name="java.vm.name" value="OpenJDK 64-Bit Server VM"/>
    <property name="java.vendor.version" value="Microsoft-8552009"/>
    <property name="localRepository" value="/home/vscode/.m2/repository"/>
    <property name="java.vendor.url.bug" value="https://github.com/microsoft/openjdk/issues"/>
    <property name="java.io.tmpdir" value="/tmp"/>
    <property name="java.version" value="17.0.9"/>
    <property name="user.dir" value="/workspaces/hwo-arqhexagonal/hexagonal-architecture-with-java/App03"/>
    <property name="os.arch" value="amd64"/>
    <property name="java.vm.specification.name" value="Java Virtual Machine Specification"/>
    <property name="native.encoding" value="UTF-8"/>
    <property name="java.library.path" value="/usr/java/packages/lib:/usr/lib64:/lib64:/lib:/usr/lib"/>
    <property name="java.vm.info" value="mixed mode, sharing"/>
    <property name="java.vendor" value="Microsoft"/>
    <property name="java.vm.version" value="17.0.9+8-LTS"/>
    <property name="sun.io.unicode.encoding" value="UnicodeLittle"/>
    <property name="java.class.version" value="61.0"/>
  </properties>
  <testcase name="Adding a network to an existent router" classname="Add network to a router" time="0.135">
    <system-out><![CDATA[
@addCoberturaToPrima
Scenario: Adding a network to an existent router              &amp#27;[90m# src/test/java/dev/com/features/network.feature:5&amp#27;[0m
  &amp#27;[32mGiven &amp#27;[0m&amp#27;[32mI provide a router ID and the network details&amp#27;[0m         &amp#27;[90m# dev.com.AddCoberturaStepsTest.obtain_primaId()&amp#27;[0m
  &amp#27;[32mWhen &amp#27;[0m&amp#27;[32mI found the router&amp#27;[0m                                     &amp#27;[90m# dev.com.AddCoberturaStepsTest.lookup_prima()&amp#27;[0m
  &amp#27;[32mAnd &amp#27;[0m&amp#27;[32mThe network address is valid and doesn't already exists&amp#27;[0m &amp#27;[90m# dev.com.AddCoberturaStepsTest.check_address_validity_and_existence()&amp#27;[0m
  &amp#27;[32mAnd &amp#27;[0m&amp#27;[32mThe CIDR is valid&amp#27;[0m                                       &amp#27;[90m# dev.com.AddCoberturaStepsTest.check_cidr()&amp#27;[0m
  &amp#27;[32mThen &amp#27;[0m&amp#27;[32mAdd the network to the router&amp#27;[0m                          &amp#27;[90m# dev.com.AddCoberturaStepsTest.add_cobertura()&amp#27;[0m
]]></system-out>
  </testcase>
</testsuite>